Performing C SOURCE FILE Test CMAKE_HAVE_LIBC_PTHREAD failed with the following output:
Change Dir: /home/jack/miniob/build/CMakeFiles/CMakeTmp

Run Build Command(s):/usr/bin/make cmTC_591a6/fast && /usr/bin/make -f CMakeFiles/cmTC_591a6.dir/build.make CMakeFiles/cmTC_591a6.dir/build
make[1]: Entering directory '/home/jack/miniob/build/CMakeFiles/CMakeTmp'
Building C object CMakeFiles/cmTC_591a6.dir/src.c.o
/usr/bin/cc   -Wall -DCMAKE_EXPORT_COMPILE_COMMANDS=1  -O2 -g  -DCMAKE_HAVE_LIBC_PTHREAD   -o CMakeFiles/cmTC_591a6.dir/src.c.o   -c /home/jack/miniob/build/CMakeFiles/CMakeTmp/src.c
Linking C executable cmTC_591a6
/usr/bin/cmake -E cmake_link_script CMakeFiles/cmTC_591a6.dir/link.txt --verbose=1
/usr/bin/cc  -Wall -DCMAKE_EXPORT_COMPILE_COMMANDS=1  -O2 -g  -DCMAKE_HAVE_LIBC_PTHREAD    CMakeFiles/cmTC_591a6.dir/src.c.o  -o cmTC_591a6 
/usr/bin/ld: CMakeFiles/cmTC_591a6.dir/src.c.o: in function `main':
/home/jack/miniob/build/CMakeFiles/CMakeTmp/src.c:11: undefined reference to `pthread_create'
/usr/bin/ld: /home/jack/miniob/build/CMakeFiles/CMakeTmp/src.c:12: undefined reference to `pthread_detach'
/usr/bin/ld: /home/jack/miniob/build/CMakeFiles/CMakeTmp/src.c:13: undefined reference to `pthread_join'
collect2: error: ld returned 1 exit status
make[1]: *** [CMakeFiles/cmTC_591a6.dir/build.make:87: cmTC_591a6] Error 1
make[1]: Leaving directory '/home/jack/miniob/build/CMakeFiles/CMakeTmp'
make: *** [Makefile:121: cmTC_591a6/fast] Error 2


Source file was:
#include <pthread.h>

void* test_func(void* data)
{
  return data;
}

int main(void)
{
  pthread_t thread;
  pthread_create(&thread, NULL, test_func, NULL);
  pthread_detach(thread);
  pthread_join(thread, NULL);
  pthread_atfork(NULL, NULL, NULL);
  pthread_exit(NULL);

  return 0;
}

Determining if the function pthread_create exists in the pthreads failed with the following output:
Change Dir: /home/jack/miniob/build/CMakeFiles/CMakeTmp

Run Build Command(s):/usr/bin/make cmTC_67aa8/fast && /usr/bin/make -f CMakeFiles/cmTC_67aa8.dir/build.make CMakeFiles/cmTC_67aa8.dir/build
make[1]: Entering directory '/home/jack/miniob/build/CMakeFiles/CMakeTmp'
Building C object CMakeFiles/cmTC_67aa8.dir/CheckFunctionExists.c.o
/usr/bin/cc   -Wall -DCMAKE_EXPORT_COMPILE_COMMANDS=1  -O2 -g  -DCHECK_FUNCTION_EXISTS=pthread_create   -o CMakeFiles/cmTC_67aa8.dir/CheckFunctionExists.c.o   -c /usr/share/cmake-3.16/Modules/CheckFunctionExists.c
Linking C executable cmTC_67aa8
/usr/bin/cmake -E cmake_link_script CMakeFiles/cmTC_67aa8.dir/link.txt --verbose=1
/usr/bin/cc  -Wall -DCMAKE_EXPORT_COMPILE_COMMANDS=1  -O2 -g  -DCHECK_FUNCTION_EXISTS=pthread_create    CMakeFiles/cmTC_67aa8.dir/CheckFunctionExists.c.o  -o cmTC_67aa8  -lpthreads 
/usr/bin/ld: cannot find -lpthreads
collect2: error: ld returned 1 exit status
make[1]: *** [CMakeFiles/cmTC_67aa8.dir/build.make:87: cmTC_67aa8] Error 1
make[1]: Leaving directory '/home/jack/miniob/build/CMakeFiles/CMakeTmp'
make: *** [Makefile:121: cmTC_67aa8/fast] Error 2



